<?xml version="1.0" encoding="UTF-8"?>
<testng-results ignored="0" total="1" passed="1" failed="0" skipped="0">
  <reporter-output>
  </reporter-output>
  <suite started-at="2022-04-07T16:10:39 IST" name="Default suite" finished-at="2022-04-07T16:11:37 IST" duration-ms="58074">
    <groups>
    </groups>
    <test started-at="2022-04-07T16:10:39 IST" name="Default test" finished-at="2022-04-07T16:11:37 IST" duration-ms="58074">
      <class name="Login">
        <test-method signature="registerUser(java.lang.String,java.lang.String,java.lang.String,java.lang.String,java.lang.String)[pri:0, instance:Login@7c711375]" started-at="2022-04-07T16:10:40 IST" name="registerUser" data-provider="FirstDataProvider" finished-at="2022-04-07T16:11:37 IST" duration-ms="57043" status="PASS">
          <params>
            <param index="0">
              <value>
                <![CDATA[Himanshu Dubey]]>
              </value>
            </param>
            <param index="1">
              <value>
                <![CDATA[hd156681@gmail.com]]>
              </value>
            </param>
            <param index="2">
              <value>
                <![CDATA[7477252637]]>
              </value>
            </param>
            <param index="3">
              <value>
                <![CDATA[Himanshu@123]]>
              </value>
            </param>
            <param index="4">
              <value>
                <![CDATA[M]]>
              </value>
            </param>
          </params>
          <reporter-output>
          </reporter-output>
        </test-method> <!-- registerUser -->
      </class> <!-- Login -->
    </test> <!-- Default test -->
  </suite> <!-- Default suite -->
</testng-results>
